Copyright 1986-2022 Xilinx, Inc. All Rights Reserved. Copyright 2022-2024 Advanced Micro Devices, Inc. All Rights Reserved.
---------------------------------------------------------------------------------------------------------------------------------------------
| Tool Version : Vivado v.2024.1 (lin64) Build 5076996 Wed May 22 18:36:09 MDT 2024
| Date         : Tue Apr 29 13:59:15 2025
| Host         : peregrin.ifi.uio.no running 64-bit unknown
| Command      : report_control_sets -verbose -file O10_block_design_wrapper_control_sets_placed.rpt
| Design       : O10_block_design_wrapper
| Device       : xc7z020
---------------------------------------------------------------------------------------------------------------------------------------------

Control Set Information

Table of Contents
-----------------
1. Summary
2. Histogram
3. Flip-Flop Distribution
4. Detailed Control Set Information

1. Summary
----------

+----------------------------------------------------------+-------+
|                          Status                          | Count |
+----------------------------------------------------------+-------+
| Total control sets                                       |    40 |
|    Minimum number of control sets                        |    40 |
|    Addition due to synthesis replication                 |     0 |
|    Addition due to physical synthesis replication        |     0 |
| Unused register locations in slices containing registers |    93 |
+----------------------------------------------------------+-------+
* Control sets can be merged at opt_design using control_set_merge or merge_equivalent_drivers
** Run report_qor_suggestions for automated merging and remapping suggestions


2. Histogram
------------

+--------------------+-------+
|       Fanout       | Count |
+--------------------+-------+
| Total control sets |    40 |
| >= 0 to < 4        |     2 |
| >= 4 to < 6        |     9 |
| >= 6 to < 8        |     1 |
| >= 8 to < 10       |     4 |
| >= 10 to < 12      |     1 |
| >= 12 to < 14      |     5 |
| >= 14 to < 16      |     2 |
| >= 16              |    16 |
+--------------------+-------+
* Control sets can be remapped at either synth_design or opt_design


3. Flip-Flop Distribution
-------------------------

+--------------+-----------------------+------------------------+-----------------+--------------+
| Clock Enable | Synchronous Set/Reset | Asynchronous Set/Reset | Total Registers | Total Slices |
+--------------+-----------------------+------------------------+-----------------+--------------+
| No           | No                    | No                     |             152 |           50 |
| No           | No                    | Yes                    |              69 |           17 |
| No           | Yes                   | No                     |              72 |           24 |
| Yes          | No                    | No                     |             347 |           85 |
| Yes          | No                    | Yes                    |              29 |            8 |
| Yes          | Yes                   | No                     |              62 |           16 |
+--------------+-----------------------+------------------------+-----------------+--------------+


4. Detailed Control Set Information
-----------------------------------

+---------------------------------------------------------+------------------------------------------------------------------------------------------------------------------------------------------------------------------------+---------------------------------------------------------------------------------------------------------------------------------------------------------------+------------------+----------------+--------------+
|                       Clock Signal                      |                                                                              Enable Signal                                                                             |                                                                        Set/Reset Signal                                                                       | Slice Load Count | Bel Load Count | Bels / Slice |
+---------------------------------------------------------+------------------------------------------------------------------------------------------------------------------------------------------------------------------------+---------------------------------------------------------------------------------------------------------------------------------------------------------------+------------------+----------------+--------------+
|  O10_block_design_i/processing_system7_0/inst/FCLK_CLK0 | O10_block_design_i/ps7_0_axi_periph/s00_couplers/auto_pc/inst/gen_axilite.gen_b2s_conv.axilite_b2s/WR.aw_channel_0/aw_cmd_fsm_0/FSM_sequential_state_reg[0]_1          | O10_block_design_i/ps7_0_axi_periph/s00_couplers/auto_pc/inst/gen_axilite.gen_b2s_conv.axilite_b2s/WR.aw_channel_0/aw_cmd_fsm_0/FSM_sequential_state_reg[0]_0 |                1 |              1 |         1.00 |
|  O10_block_design_i/processing_system7_0/inst/FCLK_CLK0 | O10_block_design_i/ps7_0_axi_periph/s00_couplers/auto_pc/inst/gen_axilite.gen_b2s_conv.axilite_b2s/WR.b_channel_0/bid_fifo_0/sel                                       |                                                                                                                                                               |                1 |              2 |         2.00 |
|  O10_block_design_i/processing_system7_0/inst/FCLK_CLK0 |                                                                                                                                                                        | O10_block_design_i/rst_ps7_0_50M/U0/EXT_LPF/lpf_int                                                                                                           |                2 |              4 |         2.00 |
|  O10_block_design_i/processing_system7_0/inst/FCLK_CLK0 | O10_block_design_i/axi_gpio_0/U0/AXI_LITE_IPIF_I/I_SLAVE_ATTACHMENT/start2                                                                                             | O10_block_design_i/axi_gpio_0/U0/AXI_LITE_IPIF_I/I_SLAVE_ATTACHMENT/I_DECODER/cs_ce_clr                                                                       |                1 |              4 |         4.00 |
|  O10_block_design_i/processing_system7_0/inst/FCLK_CLK0 |                                                                                                                                                                        | O10_block_design_i/ps7_0_axi_periph/s00_couplers/auto_pc/inst/gen_axilite.gen_b2s_conv.axilite_b2s/SI_REG/aw.aw_pipe/aresetn_d_reg[1]_inv_0                   |                1 |              4 |         4.00 |
|  O10_block_design_i/processing_system7_0/inst/FCLK_CLK0 |                                                                                                                                                                        | O10_block_design_i/ps7_0_axi_periph/s00_couplers/auto_pc/inst/gen_axilite.gen_b2s_conv.axilite_b2s/SI_REG/aw.aw_pipe/aresetn_d_reg[0]_0                       |                2 |              4 |         2.00 |
|  O10_block_design_i/processing_system7_0/inst/FCLK_CLK0 |                                                                                                                                                                        | O10_block_design_i/axi_gpio_0/U0/AXI_LITE_IPIF_I/I_SLAVE_ATTACHMENT/clear                                                                                     |                1 |              4 |         4.00 |
|  O10_block_design_i/processing_system7_0/inst/FCLK_CLK0 | O10_block_design_i/axi_gpio_0/U0/AXI_LITE_IPIF_I/I_SLAVE_ATTACHMENT/bus2ip_addr_i[8]_i_1_n_0                                                                           | O10_block_design_i/axi_gpio_0/U0/AXI_LITE_IPIF_I/I_SLAVE_ATTACHMENT/SR[0]                                                                                     |                1 |              4 |         4.00 |
|  O10_block_design_i/processing_system7_0/inst/FCLK_CLK0 | O10_block_design_i/ps7_0_axi_periph/s00_couplers/auto_pc/inst/gen_axilite.gen_b2s_conv.axilite_b2s/RD.ar_channel_0/ar_cmd_fsm_0/m_axi_arready_2                        | O10_block_design_i/ps7_0_axi_periph/s00_couplers/auto_pc/inst/gen_axilite.gen_b2s_conv.axilite_b2s/RD.ar_channel_0/ar_cmd_fsm_0/FSM_sequential_state_reg[1]_0 |                2 |              4 |         2.00 |
|  O10_block_design_i/processing_system7_0/inst/FCLK_CLK0 | O10_block_design_i/ps7_0_axi_periph/s00_couplers/auto_pc/inst/gen_axilite.gen_b2s_conv.axilite_b2s/RD.r_channel_0/rd_data_fifo_0/cnt_read[4]_i_1__0_n_0                | O10_block_design_i/ps7_0_axi_periph/s00_couplers/auto_pc/inst/gen_axilite.gen_b2s_conv.axilite_b2s/areset_d1                                                  |                1 |              5 |         5.00 |
|  O10_block_design_i/processing_system7_0/inst/FCLK_CLK0 | O10_block_design_i/ps7_0_axi_periph/s00_couplers/auto_pc/inst/gen_axilite.gen_b2s_conv.axilite_b2s/RD.r_channel_0/transaction_fifo_0/cnt_read[4]_i_1_n_0               | O10_block_design_i/ps7_0_axi_periph/s00_couplers/auto_pc/inst/gen_axilite.gen_b2s_conv.axilite_b2s/areset_d1                                                  |                1 |              5 |         5.00 |
|  O10_block_design_i/processing_system7_0/inst/FCLK_CLK0 | O10_block_design_i/rst_ps7_0_50M/U0/SEQ/seq_cnt_en                                                                                                                     | O10_block_design_i/rst_ps7_0_50M/U0/SEQ/SEQ_COUNTER/clear                                                                                                     |                1 |              6 |         6.00 |
|  O10_block_design_i/processing_system7_0/inst/FCLK_CLK0 | O10_block_design_i/ps7_0_axi_periph/s00_couplers/auto_pc/inst/gen_axilite.gen_b2s_conv.axilite_b2s/WR.b_channel_0/mhandshake_r                                         | O10_block_design_i/ps7_0_axi_periph/s00_couplers/auto_pc/inst/gen_axilite.gen_b2s_conv.axilite_b2s/WR.b_channel_0/bid_fifo_0/SR[0]                            |                3 |              8 |         2.67 |
|  O10_block_design_i/processing_system7_0/inst/FCLK_CLK0 | O10_block_design_i/axi_gpio_0/U0/AXI_LITE_IPIF_I/I_SLAVE_ATTACHMENT/I_DECODER/bus2ip_rnw_i_reg[0]                                                                      | O10_block_design_i/axi_gpio_0/U0/AXI_LITE_IPIF_I/I_SLAVE_ATTACHMENT/SR[0]                                                                                     |                1 |              8 |         8.00 |
|  O10_block_design_i/processing_system7_0/inst/FCLK_CLK0 | O10_block_design_i/axi_gpio_0/U0/AXI_LITE_IPIF_I/I_SLAVE_ATTACHMENT/I_DECODER/E[0]                                                                                     | O10_block_design_i/axi_gpio_0/U0/AXI_LITE_IPIF_I/I_SLAVE_ATTACHMENT/SR[0]                                                                                     |                2 |              8 |         4.00 |
|  O10_block_design_i/processing_system7_0/inst/FCLK_CLK0 | O10_block_design_i/axi_gpio_0/U0/AXI_LITE_IPIF_I/I_SLAVE_ATTACHMENT/s_axi_rresp_i                                                                                      | O10_block_design_i/axi_gpio_0/U0/AXI_LITE_IPIF_I/I_SLAVE_ATTACHMENT/SR[0]                                                                                     |                2 |              9 |         4.50 |
|  O10_block_design_i/processing_system7_0/inst/FCLK_CLK0 |                                                                                                                                                                        | O10_block_design_i/ps7_0_axi_periph/s00_couplers/auto_pc/inst/gen_axilite.gen_b2s_conv.axilite_b2s/areset_d1                                                  |                5 |             10 |         2.00 |
|  O10_block_design_i/processing_system7_0/inst/FCLK_CLK0 | O10_block_design_i/ps7_0_axi_periph/s00_couplers/auto_pc/inst/gen_axilite.gen_b2s_conv.axilite_b2s/WR.aw_channel_0/aw_cmd_fsm_0/m_valid_i_reg[0]                       |                                                                                                                                                               |                4 |             12 |         3.00 |
|  O10_block_design_i/processing_system7_0/inst/FCLK_CLK0 | O10_block_design_i/ps7_0_axi_periph/s00_couplers/auto_pc/inst/gen_axilite.gen_b2s_conv.axilite_b2s/RD.ar_channel_0/ar_cmd_fsm_0/sel_first_reg[0]                       |                                                                                                                                                               |                3 |             12 |         4.00 |
|  O10_block_design_i/processing_system7_0/inst/FCLK_CLK0 | O10_block_design_i/ps7_0_axi_periph/s00_couplers/auto_pc/inst/gen_axilite.gen_b2s_conv.axilite_b2s/RD.ar_channel_0/ar_cmd_fsm_0/E[0]                                   |                                                                                                                                                               |                4 |             12 |         3.00 |
|  O10_block_design_i/processing_system7_0/inst/FCLK_CLK0 | O10_block_design_i/ps7_0_axi_periph/s00_couplers/auto_pc/inst/gen_axilite.gen_b2s_conv.axilite_b2s/WR.aw_channel_0/cmd_translator_0/incr_cmd_0/axaddr_incr[11]_i_1_n_0 |                                                                                                                                                               |                3 |             12 |         4.00 |
|  O10_block_design_i/processing_system7_0/inst/FCLK_CLK0 | O10_block_design_i/ps7_0_axi_periph/s00_couplers/auto_pc/inst/gen_axilite.gen_b2s_conv.axilite_b2s/RD.r_channel_0/r_push_r                                             |                                                                                                                                                               |                4 |             13 |         3.25 |
|  O10_block_design_i/processing_system7_0/inst/FCLK_CLK0 | O10_block_design_i/ps7_0_axi_periph/s00_couplers/auto_pc/inst/gen_axilite.gen_b2s_conv.axilite_b2s/SI_REG/b.b_pipe/p_1_in                                              |                                                                                                                                                               |                2 |             14 |         7.00 |
|  O10_block_design_i/processing_system7_0/inst/FCLK_CLK0 | O10_block_design_i/ps7_0_axi_periph/s00_couplers/auto_pc/inst/gen_axilite.gen_b2s_conv.axilite_b2s/SI_REG/b.b_pipe/s_ready_i_reg_0                                     |                                                                                                                                                               |                4 |             14 |         3.50 |
|  O10_block_design_i/processing_system7_0/inst/FCLK_CLK0 | O10_block_design_i/ps7_0_axi_periph/s00_couplers/auto_pc/inst/gen_axilite.gen_b2s_conv.axilite_b2s/WR.aw_channel_0/aw_cmd_fsm_0/m_axi_awready_0                        |                                                                                                                                                               |                3 |             16 |         5.33 |
|  O10_block_design_i/processing_system7_0/inst/FCLK_CLK0 | O10_block_design_i/system_0/U0/DUT_velocity_reader/ten_ms_pulse                                                                                                        |                                                                                                                                                               |                3 |             16 |         5.33 |
|  O10_block_design_i/processing_system7_0/inst/FCLK_CLK0 |                                                                                                                                                                        | O10_block_design_i/axi_gpio_0/U0/AXI_LITE_IPIF_I/I_SLAVE_ATTACHMENT/I_DECODER/bus2ip_rnw_i_reg_0                                                              |                3 |             16 |         5.33 |
|  O10_block_design_i/processing_system7_0/inst/FCLK_CLK0 | O10_block_design_i/ps7_0_axi_periph/s00_couplers/auto_pc/inst/gen_axilite.gen_b2s_conv.axilite_b2s/RD.ar_channel_0/ar_cmd_fsm_0/m_axi_arready_2                        |                                                                                                                                                               |                8 |             21 |         2.62 |
|  O10_block_design_i/processing_system7_0/inst/FCLK_CLK0 | O10_block_design_i/ps7_0_axi_periph/s00_couplers/auto_pc/inst/gen_axilite.gen_b2s_conv.axilite_b2s/WR.aw_channel_0/aw_cmd_fsm_0/FSM_sequential_state_reg[0]_1          |                                                                                                                                                               |                9 |             24 |         2.67 |
|  O10_block_design_i/processing_system7_0/inst/FCLK_CLK0 |                                                                                                                                                                        | O10_block_design_i/axi_gpio_0/U0/AXI_LITE_IPIF_I/I_SLAVE_ATTACHMENT/SR[0]                                                                                     |                7 |             24 |         3.43 |
|  O10_block_design_i/processing_system7_0/inst/FCLK_CLK0 | O10_block_design_i/system_0/U0/DUT_velocity_reader/ten_ms_pulse                                                                                                        | reset_0_IBUF                                                                                                                                                  |                8 |             29 |         3.62 |
|  O10_block_design_i/processing_system7_0/inst/FCLK_CLK0 | O10_block_design_i/ps7_0_axi_periph/s00_couplers/auto_pc/inst/gen_axilite.gen_b2s_conv.axilite_b2s/WR.aw_channel_0/aw_cmd_fsm_0/E[0]                                   |                                                                                                                                                               |                5 |             32 |         6.40 |
|  O10_block_design_i/processing_system7_0/inst/FCLK_CLK0 | O10_block_design_i/ps7_0_axi_periph/s00_couplers/auto_pc/inst/gen_axilite.gen_b2s_conv.axilite_b2s/SI_REG/aw.aw_pipe/s_ready_i_reg_0                                   |                                                                                                                                                               |                7 |             32 |         4.57 |
|  O10_block_design_i/processing_system7_0/inst/FCLK_CLK0 | O10_block_design_i/ps7_0_axi_periph/s00_couplers/auto_pc/inst/gen_axilite.gen_b2s_conv.axilite_b2s/SI_REG/ar.ar_pipe/s_ready_i_reg_0                                   |                                                                                                                                                               |                8 |             32 |         4.00 |
|  O10_block_design_i/processing_system7_0/inst/FCLK_CLK0 | O10_block_design_i/ps7_0_axi_periph/s00_couplers/auto_pc/inst/gen_axilite.gen_b2s_conv.axilite_b2s/RD.r_channel_0/rd_data_fifo_0/wr_en0                                |                                                                                                                                                               |                9 |             32 |         3.56 |
|  O10_block_design_i/processing_system7_0/inst/FCLK_CLK0 | O10_block_design_i/ps7_0_axi_periph/s00_couplers/auto_pc/inst/gen_axilite.gen_b2s_conv.axilite_b2s/RD.ar_channel_0/ar_cmd_fsm_0/m_valid_i_reg[0]                       |                                                                                                                                                               |                8 |             32 |         4.00 |
|  O10_block_design_i/processing_system7_0/inst/FCLK_CLK0 | O10_block_design_i/ps7_0_axi_periph/s00_couplers/auto_pc/inst/gen_axilite.gen_b2s_conv.axilite_b2s/SI_REG/r.r_pipe/s_ready_i_reg_0                                     |                                                                                                                                                               |                9 |             45 |         5.00 |
|  O10_block_design_i/processing_system7_0/inst/FCLK_CLK0 | O10_block_design_i/ps7_0_axi_periph/s00_couplers/auto_pc/inst/gen_axilite.gen_b2s_conv.axilite_b2s/SI_REG/r.r_pipe/p_1_in                                              |                                                                                                                                                               |                8 |             45 |         5.62 |
|  O10_block_design_i/processing_system7_0/inst/FCLK_CLK0 |                                                                                                                                                                        | reset_0_IBUF                                                                                                                                                  |               20 |             75 |         3.75 |
|  O10_block_design_i/processing_system7_0/inst/FCLK_CLK0 |                                                                                                                                                                        |                                                                                                                                                               |               51 |            153 |         3.00 |
+---------------------------------------------------------+------------------------------------------------------------------------------------------------------------------------------------------------------------------------+---------------------------------------------------------------------------------------------------------------------------------------------------------------+------------------+----------------+--------------+


